2014-04-24 10:51:00,813 DEBUG:Total image number: 103
2014-04-24 10:51:00,813 DEBUG:Team: sample M. Jirik
2014-04-24 10:51:01,660 DEBUG:Team: cervenym
2014-04-24 12:12:02,183 DEBUG:Total image number: 104
2014-04-24 12:12:02,183 DEBUG:Team: sample M. Jirik
2014-04-24 12:12:02,295 DEBUG:Ukazka loggovani, nacteni klasifikatoru ok
2014-04-24 12:12:02,995 DEBUG:Team: cervenym
2014-04-24 12:13:15,394 DEBUG:Total image number: 103
2014-04-24 12:13:15,394 DEBUG:Team: sample M. Jirik
2014-04-24 12:13:15,397 DEBUG:Ukazka loggovani, nacteni klasifikatoru ok
2014-04-24 12:13:16,521 DEBUG:Team: cervenym
2014-04-24 12:13:49,488 DEBUG:Total image number: 103
2014-04-24 12:13:49,488 DEBUG:Team: sample M. Jirik
2014-04-24 12:13:49,490 DEBUG:Ukazka loggovani, nacteni klasifikatoru ok
2014-04-24 12:13:50,154 DEBUG:Team: cervenym
2014-04-24 12:14:28,257 DEBUG:Total image number: 103
2014-04-24 12:14:28,257 DEBUG:Team: sample M. Jirik
2014-04-24 12:14:28,369 DEBUG:Ukazka loggovani, nacteni klasifikatoru ok
2014-04-24 12:14:29,101 DEBUG:Team: cervenym
2014-05-02 20:20:49,486 DEBUG:Total image number: 104
2014-05-02 20:20:49,495 DEBUG:Team: sample M. Jirik
2014-05-02 20:20:52,816 DEBUG:Ukazka loggovani, nacteni klasifikatoru ok
2014-05-02 20:20:54,233 DEBUG:Team: cervenym
2014-05-03 14:02:48,853 DEBUG:Total image number: 104
2014-05-03 14:02:48,861 DEBUG:Team: sample M. Jirik
2014-05-03 14:02:52,004 DEBUG:Ukazka loggovani, nacteni klasifikatoru ok
2014-05-03 14:02:53,443 DEBUG:Team: cervenym
2014-05-03 14:03:03,196 DEBUG:Team: nedvedj
2014-05-03 14:03:03,198 DEBUG:Problem with: nedvedj
2014-05-03 14:03:03,198 DEBUG:Traceback (most recent call last):
  File "<ipython-input-3-66f7aee1930c>", line 118, in kontrolaVse
    scoreone, vysledky = kontrola(pointer, obrazky, reseni)
  File "<ipython-input-3-66f7aee1930c>", line 19, in kontrola
    studentske_reseni = ukazatel() # tim je zavolán váš konstruktor __init__
  File "ZDO2014students/Semestralkamaster/ZDO_A13N1041P_JakubNedved_SP.py", line 43, in __init__
    classifier_path = os.path.join(path_to_script,
NameError: global name 'path_to_script' is not defined

2014-05-13 11:04:11,257 DEBUG:Total image number: 103
2014-05-13 11:04:11,267 DEBUG:Team: sample M. Jirik
2014-05-13 11:04:14,243 DEBUG:Ukazka loggovani, nacteni klasifikatoru ok
2014-05-13 11:04:15,714 DEBUG:Team: cervenym
2014-05-13 11:04:25,312 DEBUG:Team: nedvedj
2014-05-13 11:04:25,315 DEBUG:Problem with: nedvedj
2014-05-13 11:04:25,315 DEBUG:Traceback (most recent call last):
  File "<ipython-input-3-66f7aee1930c>", line 118, in kontrolaVse
    scoreone, vysledky = kontrola(pointer, obrazky, reseni)
  File "<ipython-input-3-66f7aee1930c>", line 19, in kontrola
    studentske_reseni = ukazatel() # tim je zavolán váš konstruktor __init__
  File "ZDO2014students/Semestralkamaster/ZDO_A13N1041P_JakubNedved_SP.py", line 43, in __init__
    classifier_path = os.path.join(path_to_script,
NameError: global name 'path_to_script' is not defined

2014-05-20 09:56:29,784 DEBUG:Total image number: 103
2014-05-20 09:56:29,792 DEBUG:Team: sample M. Jirik
2014-05-20 09:56:32,863 DEBUG:Ukazka loggovani, nacteni klasifikatoru ok
2014-05-20 09:56:34,204 DEBUG:Team: cervenym
2014-05-20 09:56:43,683 DEBUG:Team: nedvedj
2014-05-20 09:56:44,332 DEBUG:Problem with: nedvedj
2014-05-20 09:56:44,332 DEBUG:Traceback (most recent call last):
  File "<ipython-input-3-66f7aee1930c>", line 118, in kontrolaVse
    scoreone, vysledky = kontrola(pointer, obrazky, reseni)
  File "<ipython-input-3-66f7aee1930c>", line 29, in kontrola
    result = studentske_reseni.rozpoznejZnacku(im)
  File "ZDO2014students/Semestralkamaster/ZDO_A13N1041P_JakubNedved_SP.py", line 154, in rozpoznejZnacku
    class_index = self.clf.predict(self.one_file_features(image, demo))
AttributeError: 'list' object has no attribute 'predict'

2014-05-28 23:36:26,372 DEBUG:Total image number: 103
2014-05-28 23:36:26,381 DEBUG:Team: sample M. Jirik
2014-05-28 23:36:29,790 DEBUG:Ukazka loggovani, nacteni klasifikatoru ok
2014-05-28 23:36:31,261 DEBUG:Team: cervenym
2014-05-28 23:36:40,773 DEBUG:Team: nedvedj
2014-05-28 23:36:43,435 DEBUG:Problem with: nedvedj
2014-05-28 23:36:43,435 DEBUG:Traceback (most recent call last):
  File "<ipython-input-3-b31d0fc90503>", line 118, in kontrolaVse
    scoreone, vysledky = kontrola(pointer, obrazky, reseni)
  File "<ipython-input-3-b31d0fc90503>", line 29, in kontrola
    result = studentske_reseni.rozpoznejZnacku(im)
  File "ZDO2014students/Semestralkamaster/ZDO_A13N1041P_JakubNedved_SP.py", line 154, in rozpoznejZnacku
    class_index = self.clf.predict(self.one_file_features(image, demo))
AttributeError: 'list' object has no attribute 'predict'

2014-05-28 23:36:43,436 DEBUG:Team: RakHejdovaJuna
2014-05-28 23:36:43,436 DEBUG:Problem with: RakHejdovaJuna
2014-05-28 23:36:43,436 DEBUG:Traceback (most recent call last):
  File "<ipython-input-3-b31d0fc90503>", line 113, in kontrolaVse
    + '.' + one[2])
  File "<ipython-input-3-b31d0fc90503>", line 43, in my_import
    __import__(name)
ImportError: No module named ZDO2014sample_solution_hog

2014-05-28 23:39:48,713 DEBUG:Total image number: 103
2014-05-28 23:39:48,713 DEBUG:Team: sample M. Jirik
2014-05-28 23:39:48,849 DEBUG:Ukazka loggovani, nacteni klasifikatoru ok
2014-05-28 23:39:49,617 DEBUG:Team: cervenym
2014-05-28 23:39:59,428 DEBUG:Team: nedvedj
2014-05-28 23:40:01,089 DEBUG:Problem with: nedvedj
2014-05-28 23:40:01,089 DEBUG:Traceback (most recent call last):
  File "<ipython-input-3-860edf13a8a6>", line 118, in kontrolaVse
    scoreone, vysledky = kontrola(pointer, obrazky, reseni)
  File "<ipython-input-3-860edf13a8a6>", line 29, in kontrola
    result = studentske_reseni.rozpoznejZnacku(im)
  File "ZDO2014students/Semestralkamaster/ZDO_A13N1041P_JakubNedved_SP.py", line 154, in rozpoznejZnacku
    class_index = self.clf.predict(self.one_file_features(image, demo))
AttributeError: 'list' object has no attribute 'predict'

2014-05-28 23:40:01,089 DEBUG:Team: RakHejdovaJuna
2014-05-28 23:40:01,101 DEBUG:Ukazka loggovani, nacteni klasifikatoru ok
2014-05-28 23:40:01,113 DEBUG:Problem with: RakHejdovaJuna
2014-05-28 23:40:01,113 DEBUG:Traceback (most recent call last):
  File "<ipython-input-3-860edf13a8a6>", line 118, in kontrolaVse
    scoreone, vysledky = kontrola(pointer, obrazky, reseni)
  File "<ipython-input-3-860edf13a8a6>", line 29, in kontrola
    result = studentske_reseni.rozpoznejZnacku(im)
  File "ZDO2014students/Semestralkamaster1/ZDO2014sample_solution_hog.py", line 171, in rozpoznejZnacku
    class_index = self.clf.predict(self.one_file_features(image, demo))
  File "ZDO2014students/Semestralkamaster1/ZDO2014sample_solution_hog.py", line 81, in one_file_features
    val = filter.threshold_otsu(imr)
AttributeError: 'builtin_function_or_method' object has no attribute 'threshold_otsu'

2014-05-29 09:32:36,818 DEBUG:Total image number: 103
2014-05-29 09:32:36,825 DEBUG:Team: sample M. Jirik
2014-05-29 09:32:39,959 DEBUG:Ukazka loggovani, nacteni klasifikatoru ok
2014-05-29 09:32:41,386 DEBUG:Team: cervenym
2014-05-29 09:32:51,004 DEBUG:Team: nedvedj
2014-05-29 09:32:53,275 DEBUG:Problem with: nedvedj
2014-05-29 09:32:53,276 DEBUG:Traceback (most recent call last):
  File "<ipython-input-3-860edf13a8a6>", line 118, in kontrolaVse
    scoreone, vysledky = kontrola(pointer, obrazky, reseni)
  File "<ipython-input-3-860edf13a8a6>", line 29, in kontrola
    result = studentske_reseni.rozpoznejZnacku(im)
  File "ZDO2014students/Semestralkamaster/ZDO_A13N1041P_JakubNedved_SP.py", line 154, in rozpoznejZnacku
    class_index = self.clf.predict(self.one_file_features(image, demo))
AttributeError: 'list' object has no attribute 'predict'

2014-05-29 09:32:53,276 DEBUG:Team: RakHejdovaJuna
2014-05-29 09:32:53,289 DEBUG:Ukazka loggovani, nacteni klasifikatoru ok
2014-05-29 09:32:53,343 DEBUG:Problem with: RakHejdovaJuna
2014-05-29 09:32:53,343 DEBUG:Traceback (most recent call last):
  File "<ipython-input-3-860edf13a8a6>", line 118, in kontrolaVse
    scoreone, vysledky = kontrola(pointer, obrazky, reseni)
  File "<ipython-input-3-860edf13a8a6>", line 29, in kontrola
    result = studentske_reseni.rozpoznejZnacku(im)
  File "ZDO2014students/Semestralkamaster1/ZDO2014sample_solution_hog.py", line 172, in rozpoznejZnacku
    class_index = self.clf.predict(self.one_file_features(image, demo))
  File "/usr/lib/pymodules/python2.7/sklearn/naive_bayes.py", line 59, in predict
    jll = self._joint_log_likelihood(X)
  File "/usr/lib/pymodules/python2.7/sklearn/naive_bayes.py", line 172, in _joint_log_likelihood
    for i in xrange(np.size(self._classes)):
AttributeError: 'GaussianNB' object has no attribute '_classes'

2014-05-30 09:14:15,526 DEBUG:Total image number: 104
2014-05-30 09:14:15,536 DEBUG:Team: sample M. Jirik
2014-05-30 09:14:18,846 DEBUG:Ukazka loggovani, nacteni klasifikatoru ok
2014-05-30 09:14:20,629 DEBUG:Team: cervenym
2014-05-30 09:14:30,415 DEBUG:Team: nedvedj
2014-05-30 09:14:32,180 DEBUG:Problem with: nedvedj
2014-05-30 09:14:32,180 DEBUG:Traceback (most recent call last):
  File "<ipython-input-3-860edf13a8a6>", line 118, in kontrolaVse
    scoreone, vysledky = kontrola(pointer, obrazky, reseni)
  File "<ipython-input-3-860edf13a8a6>", line 29, in kontrola
    result = studentske_reseni.rozpoznejZnacku(im)
  File "ZDO2014students/Semestralkamaster/ZDO_A13N1041P_JakubNedved_SP.py", line 154, in rozpoznejZnacku
    class_index = self.clf.predict(self.one_file_features(image, demo))
AttributeError: 'list' object has no attribute 'predict'

2014-05-30 09:14:32,180 DEBUG:Team: RakHejdovaJuna
2014-05-30 09:14:32,181 DEBUG:Problem with: RakHejdovaJuna
2014-05-30 09:14:32,181 DEBUG:Traceback (most recent call last):
  File "<ipython-input-3-860edf13a8a6>", line 113, in kontrolaVse
    + '.' + one[2])
  File "<ipython-input-3-860edf13a8a6>", line 43, in my_import
    __import__(name)
ImportError: No module named ZDO2014sample_solution_hog

2014-05-30 09:21:20,080 DEBUG:Total image number: 103
2014-05-30 09:21:20,080 DEBUG:Team: sample M. Jirik
2014-05-30 09:21:20,198 DEBUG:Ukazka loggovani, nacteni klasifikatoru ok
2014-05-30 09:21:21,283 DEBUG:Team: cervenym
2014-05-30 09:21:30,983 DEBUG:Team: nedvedj
2014-05-30 09:21:31,832 DEBUG:Problem with: nedvedj
2014-05-30 09:21:31,832 DEBUG:Traceback (most recent call last):
  File "<ipython-input-3-860edf13a8a6>", line 118, in kontrolaVse
    scoreone, vysledky = kontrola(pointer, obrazky, reseni)
  File "<ipython-input-3-860edf13a8a6>", line 29, in kontrola
    result = studentske_reseni.rozpoznejZnacku(im)
  File "ZDO2014students/Semestralkamaster/ZDO_A13N1041P_JakubNedved_SP.py", line 154, in rozpoznejZnacku
    class_index = self.clf.predict(self.one_file_features(image, demo))
AttributeError: 'list' object has no attribute 'predict'

2014-05-30 09:21:31,832 DEBUG:Team: RakHejdovaJuna
2014-05-30 09:21:31,917 DEBUG:Ukazka loggovani, nacteni klasifikatoru ok
2014-05-30 09:21:31,973 DEBUG:Problem with: RakHejdovaJuna
2014-05-30 09:21:31,973 DEBUG:Traceback (most recent call last):
  File "<ipython-input-3-860edf13a8a6>", line 118, in kontrolaVse
    scoreone, vysledky = kontrola(pointer, obrazky, reseni)
  File "<ipython-input-3-860edf13a8a6>", line 29, in kontrola
    result = studentske_reseni.rozpoznejZnacku(im)
  File "ZDO2014students/Semestralkamaster1/ZDO2014juna_rak_hejdova_hog.py", line 238, in rozpoznejZnacku
    class_index = self.clf.predict(self.one_file_features(image, demo))
  File "/usr/lib/pymodules/python2.7/sklearn/naive_bayes.py", line 59, in predict
    jll = self._joint_log_likelihood(X)
  File "/usr/lib/pymodules/python2.7/sklearn/naive_bayes.py", line 172, in _joint_log_likelihood
    for i in xrange(np.size(self._classes)):
AttributeError: 'GaussianNB' object has no attribute '_classes'

2014-05-30 13:07:05,510 DEBUG:Total image number: 104
2014-05-30 13:07:05,510 DEBUG:Team: sample M. Jirik
2014-05-30 13:07:05,623 DEBUG:Ukazka loggovani, nacteni klasifikatoru ok
2014-05-30 13:07:06,811 DEBUG:Team: cervenym
2014-05-30 13:07:16,268 DEBUG:Team: nedvedj
2014-05-30 13:07:17,662 DEBUG:Problem with: nedvedj
2014-05-30 13:07:17,662 DEBUG:Traceback (most recent call last):
  File "<ipython-input-3-97eb87bd5554>", line 120, in kontrolaVse
    scoreone, vysledky = kontrola(pointer, obrazky, reseni)
  File "<ipython-input-3-97eb87bd5554>", line 29, in kontrola
    result = studentske_reseni.rozpoznejZnacku(im)
  File "ZDO2014students/Semestralkamaster/ZDO_A13N1041P_JakubNedved_SP.py", line 154, in rozpoznejZnacku
    class_index = self.clf.predict(self.one_file_features(image, demo))
AttributeError: 'list' object has no attribute 'predict'

2014-05-30 13:07:17,662 DEBUG:Team: RakHejdovaJuna
2014-05-30 13:07:17,759 DEBUG:Ukazka loggovani, nacteni klasifikatoru ok
2014-05-30 13:07:17,795 DEBUG:Problem with: RakHejdovaJuna
2014-05-30 13:07:17,795 DEBUG:Traceback (most recent call last):
  File "<ipython-input-3-97eb87bd5554>", line 120, in kontrolaVse
    scoreone, vysledky = kontrola(pointer, obrazky, reseni)
  File "<ipython-input-3-97eb87bd5554>", line 29, in kontrola
    result = studentske_reseni.rozpoznejZnacku(im)
  File "ZDO2014students/Semestralkamaster1/ZDO2014juna_rak_hejdova_hog.py", line 238, in rozpoznejZnacku
    class_index = self.clf.predict(self.one_file_features(image, demo))
  File "/usr/lib/pymodules/python2.7/sklearn/naive_bayes.py", line 59, in predict
    jll = self._joint_log_likelihood(X)
  File "/usr/lib/pymodules/python2.7/sklearn/naive_bayes.py", line 172, in _joint_log_likelihood
    for i in xrange(np.size(self._classes)):
AttributeError: 'GaussianNB' object has no attribute '_classes'

2014-05-30 13:07:17,795 DEBUG:Team: RakHejdovaJuna2
2014-05-30 13:07:17,883 DEBUG:Ukazka loggovani, nacteni klasifikatoru ok
2014-06-02 09:46:40,811 DEBUG:Total image number: 103
2014-06-02 09:46:40,823 DEBUG:Team: sample M. Jirik
2014-06-02 09:46:44,364 DEBUG:Ukazka loggovani, nacteni klasifikatoru ok
2014-06-02 09:46:45,846 DEBUG:Team: cervenym
2014-06-02 09:46:55,393 DEBUG:Team: nedvedj
2014-06-02 09:46:55,395 DEBUG:Problem with: nedvedj
2014-06-02 09:46:55,395 DEBUG:Traceback (most recent call last):
  File "<ipython-input-3-97eb87bd5554>", line 115, in kontrolaVse
    + '.' + one[2])
  File "<ipython-input-3-97eb87bd5554>", line 43, in my_import
    __import__(name)
ImportError: No module named ZDO_A13N1041P_JakubNedved_SP

2014-06-02 09:46:55,395 DEBUG:Team: RakHejdovaJuna
2014-06-02 09:46:55,481 DEBUG:Ukazka loggovani, nacteni klasifikatoru ok
2014-06-02 09:46:55,534 DEBUG:Problem with: RakHejdovaJuna
2014-06-02 09:46:55,534 DEBUG:Traceback (most recent call last):
  File "<ipython-input-3-97eb87bd5554>", line 120, in kontrolaVse
    scoreone, vysledky = kontrola(pointer, obrazky, reseni)
  File "<ipython-input-3-97eb87bd5554>", line 29, in kontrola
    result = studentske_reseni.rozpoznejZnacku(im)
  File "ZDO2014students/Semestralkamaster1/ZDO2014juna_rak_hejdova_hog.py", line 238, in rozpoznejZnacku
    class_index = self.clf.predict(self.one_file_features(image, demo))
  File "/usr/lib/pymodules/python2.7/sklearn/naive_bayes.py", line 59, in predict
    jll = self._joint_log_likelihood(X)
  File "/usr/lib/pymodules/python2.7/sklearn/naive_bayes.py", line 172, in _joint_log_likelihood
    for i in xrange(np.size(self._classes)):
AttributeError: 'GaussianNB' object has no attribute '_classes'

2014-06-02 09:46:55,534 DEBUG:Team: RakHejdovaJuna2
2014-06-02 09:46:55,615 DEBUG:Ukazka loggovani, nacteni klasifikatoru ok
2014-06-02 10:14:55,875 DEBUG:Total image number: 103
2014-06-02 10:14:55,875 DEBUG:Team: sample M. Jirik
2014-06-02 10:14:55,986 DEBUG:Ukazka loggovani, nacteni klasifikatoru ok
2014-06-02 10:14:57,227 DEBUG:Team: cervenym
2014-06-02 10:15:06,618 DEBUG:Team: nedvedj
2014-06-02 10:15:06,620 DEBUG:Problem with: nedvedj
2014-06-02 10:15:06,620 DEBUG:Traceback (most recent call last):
  File "<ipython-input-3-97eb87bd5554>", line 115, in kontrolaVse
    + '.' + one[2])
  File "<ipython-input-3-97eb87bd5554>", line 43, in my_import
    __import__(name)
ImportError: No module named ZDO_A13N1041P_JakubNedved_SP

2014-06-02 10:15:06,620 DEBUG:Team: RakHejdovaJuna
2014-06-02 10:15:06,705 DEBUG:Ukazka loggovani, nacteni klasifikatoru ok
2014-06-02 10:15:06,747 DEBUG:Problem with: RakHejdovaJuna
2014-06-02 10:15:06,747 DEBUG:Traceback (most recent call last):
  File "<ipython-input-3-97eb87bd5554>", line 120, in kontrolaVse
    scoreone, vysledky = kontrola(pointer, obrazky, reseni)
  File "<ipython-input-3-97eb87bd5554>", line 29, in kontrola
    result = studentske_reseni.rozpoznejZnacku(im)
  File "ZDO2014students/Semestralkamaster1/ZDO2014juna_rak_hejdova_hog.py", line 238, in rozpoznejZnacku
    class_index = self.clf.predict(self.one_file_features(image, demo))
  File "/usr/lib/pymodules/python2.7/sklearn/naive_bayes.py", line 59, in predict
    jll = self._joint_log_likelihood(X)
  File "/usr/lib/pymodules/python2.7/sklearn/naive_bayes.py", line 172, in _joint_log_likelihood
    for i in xrange(np.size(self._classes)):
AttributeError: 'GaussianNB' object has no attribute '_classes'

2014-06-02 10:15:06,747 DEBUG:Team: RakHejdovaJuna2
2014-06-02 10:15:06,827 DEBUG:Ukazka loggovani, nacteni klasifikatoru ok
2014-06-02 10:16:51,784 DEBUG:Total image number: 103
2014-06-02 10:16:51,785 DEBUG:Team: sample M. Jirik
2014-06-02 10:16:51,902 DEBUG:Ukazka loggovani, nacteni klasifikatoru ok
2014-06-02 10:16:52,585 DEBUG:Team: cervenym
2014-06-02 10:17:02,604 DEBUG:Team: nedvedj
2014-06-02 10:17:02,891 DEBUG:Problem with: nedvedj
2014-06-02 10:17:02,891 DEBUG:Traceback (most recent call last):
  File "<ipython-input-3-97eb87bd5554>", line 120, in kontrolaVse
    scoreone, vysledky = kontrola(pointer, obrazky, reseni)
  File "<ipython-input-3-97eb87bd5554>", line 29, in kontrola
    result = studentske_reseni.rozpoznejZnacku(im)
  File "ZDO2014students/Semestralkamaster/ZDO_A13N0141P_JakubNedved_SP.py", line 152, in rozpoznejZnacku
    class_index = self.clf.predict(self.one_file_features(image, demo))
  File "/usr/lib/pymodules/python2.7/sklearn/naive_bayes.py", line 59, in predict
    jll = self._joint_log_likelihood(X)
  File "/usr/lib/pymodules/python2.7/sklearn/naive_bayes.py", line 172, in _joint_log_likelihood
    for i in xrange(np.size(self._classes)):
AttributeError: 'GaussianNB' object has no attribute '_classes'

2014-06-02 10:17:02,891 DEBUG:Team: RakHejdovaJuna
2014-06-02 10:17:02,974 DEBUG:Ukazka loggovani, nacteni klasifikatoru ok
2014-06-02 10:17:03,013 DEBUG:Problem with: RakHejdovaJuna
2014-06-02 10:17:03,013 DEBUG:Traceback (most recent call last):
  File "<ipython-input-3-97eb87bd5554>", line 120, in kontrolaVse
    scoreone, vysledky = kontrola(pointer, obrazky, reseni)
  File "<ipython-input-3-97eb87bd5554>", line 29, in kontrola
    result = studentske_reseni.rozpoznejZnacku(im)
  File "ZDO2014students/Semestralkamaster1/ZDO2014juna_rak_hejdova_hog.py", line 238, in rozpoznejZnacku
    class_index = self.clf.predict(self.one_file_features(image, demo))
  File "/usr/lib/pymodules/python2.7/sklearn/naive_bayes.py", line 59, in predict
    jll = self._joint_log_likelihood(X)
  File "/usr/lib/pymodules/python2.7/sklearn/naive_bayes.py", line 172, in _joint_log_likelihood
    for i in xrange(np.size(self._classes)):
AttributeError: 'GaussianNB' object has no attribute '_classes'

2014-06-02 10:17:03,013 DEBUG:Team: RakHejdovaJuna2
2014-06-02 10:17:03,089 DEBUG:Ukazka loggovani, nacteni klasifikatoru ok
2014-06-02 11:00:07,321 DEBUG:Total image number: 103
2014-06-02 11:00:07,321 DEBUG:Team: sample M. Jirik
2014-06-02 11:00:07,435 DEBUG:Ukazka loggovani, nacteni klasifikatoru ok
2014-06-02 11:00:08,105 DEBUG:Team: cervenym
2014-06-02 11:00:17,533 DEBUG:Team: nedvedj
2014-06-02 11:00:17,821 DEBUG:Problem with: nedvedj
2014-06-02 11:00:17,821 DEBUG:Traceback (most recent call last):
  File "<ipython-input-3-97eb87bd5554>", line 120, in kontrolaVse
    scoreone, vysledky = kontrola(pointer, obrazky, reseni)
  File "<ipython-input-3-97eb87bd5554>", line 29, in kontrola
    result = studentske_reseni.rozpoznejZnacku(im)
  File "ZDO2014students/Semestralkamaster/ZDO_A13N0141P_JakubNedved_SP.py", line 152, in rozpoznejZnacku
    class_index = self.clf.predict(self.one_file_features(image, demo))
  File "/usr/lib/pymodules/python2.7/sklearn/naive_bayes.py", line 59, in predict
    jll = self._joint_log_likelihood(X)
  File "/usr/lib/pymodules/python2.7/sklearn/naive_bayes.py", line 172, in _joint_log_likelihood
    for i in xrange(np.size(self._classes)):
AttributeError: 'GaussianNB' object has no attribute '_classes'

2014-06-02 11:00:17,821 DEBUG:Team: RakHejdovaJuna
2014-06-02 11:00:17,902 DEBUG:Ukazka loggovani, nacteni klasifikatoru ok
2014-06-02 11:00:17,940 DEBUG:Problem with: RakHejdovaJuna
2014-06-02 11:00:17,940 DEBUG:Traceback (most recent call last):
  File "<ipython-input-3-97eb87bd5554>", line 120, in kontrolaVse
    scoreone, vysledky = kontrola(pointer, obrazky, reseni)
  File "<ipython-input-3-97eb87bd5554>", line 29, in kontrola
    result = studentske_reseni.rozpoznejZnacku(im)
  File "ZDO2014students/Semestralkamaster1/ZDO2014juna_rak_hejdova_hog.py", line 238, in rozpoznejZnacku
    class_index = self.clf.predict(self.one_file_features(image, demo))
  File "/usr/lib/pymodules/python2.7/sklearn/naive_bayes.py", line 59, in predict
    jll = self._joint_log_likelihood(X)
  File "/usr/lib/pymodules/python2.7/sklearn/naive_bayes.py", line 172, in _joint_log_likelihood
    for i in xrange(np.size(self._classes)):
AttributeError: 'GaussianNB' object has no attribute '_classes'

2014-06-02 11:00:17,940 DEBUG:Team: RakHejdovaJuna2
2014-06-02 11:00:18,014 DEBUG:Ukazka loggovani, nacteni klasifikatoru ok
2014-06-02 11:00:23,692 DEBUG:Team: nedvedj2
2014-06-02 11:00:23,694 DEBUG:Problem with: nedvedj2
2014-06-02 11:00:23,694 DEBUG:Traceback (most recent call last):
  File "<ipython-input-3-97eb87bd5554>", line 115, in kontrolaVse
    + '.' + one[2])
  File "<ipython-input-3-97eb87bd5554>", line 43, in my_import
    __import__(name)
ImportError: No module named ZDO_A13N1041P_JakubNedved_SP

2014-06-02 11:02:18,558 DEBUG:Total image number: 104
2014-06-02 11:02:18,559 DEBUG:Team: sample M. Jirik
2014-06-02 11:02:18,561 DEBUG:Ukazka loggovani, nacteni klasifikatoru ok
2014-06-02 11:02:19,569 DEBUG:Team: cervenym
2014-06-02 11:02:29,323 DEBUG:Team: nedvedj
2014-06-02 11:02:29,592 DEBUG:Problem with: nedvedj
2014-06-02 11:02:29,592 DEBUG:Traceback (most recent call last):
  File "<ipython-input-8-97eb87bd5554>", line 120, in kontrolaVse
    scoreone, vysledky = kontrola(pointer, obrazky, reseni)
  File "<ipython-input-8-97eb87bd5554>", line 29, in kontrola
    result = studentske_reseni.rozpoznejZnacku(im)
  File "ZDO2014students/Semestralkamaster/ZDO_A13N0141P_JakubNedved_SP.py", line 152, in rozpoznejZnacku
    class_index = self.clf.predict(self.one_file_features(image, demo))
  File "/usr/lib/pymodules/python2.7/sklearn/naive_bayes.py", line 59, in predict
    jll = self._joint_log_likelihood(X)
  File "/usr/lib/pymodules/python2.7/sklearn/naive_bayes.py", line 172, in _joint_log_likelihood
    for i in xrange(np.size(self._classes)):
AttributeError: 'GaussianNB' object has no attribute '_classes'

2014-06-02 11:02:29,592 DEBUG:Team: RakHejdovaJuna
2014-06-02 11:02:29,671 DEBUG:Ukazka loggovani, nacteni klasifikatoru ok
2014-06-02 11:02:29,708 DEBUG:Problem with: RakHejdovaJuna
2014-06-02 11:02:29,708 DEBUG:Traceback (most recent call last):
  File "<ipython-input-8-97eb87bd5554>", line 120, in kontrolaVse
    scoreone, vysledky = kontrola(pointer, obrazky, reseni)
  File "<ipython-input-8-97eb87bd5554>", line 29, in kontrola
    result = studentske_reseni.rozpoznejZnacku(im)
  File "ZDO2014students/Semestralkamaster1/ZDO2014juna_rak_hejdova_hog.py", line 238, in rozpoznejZnacku
    class_index = self.clf.predict(self.one_file_features(image, demo))
  File "/usr/lib/pymodules/python2.7/sklearn/naive_bayes.py", line 59, in predict
    jll = self._joint_log_likelihood(X)
  File "/usr/lib/pymodules/python2.7/sklearn/naive_bayes.py", line 172, in _joint_log_likelihood
    for i in xrange(np.size(self._classes)):
AttributeError: 'GaussianNB' object has no attribute '_classes'

2014-06-02 11:02:29,708 DEBUG:Team: RakHejdovaJuna2
2014-06-02 11:02:29,779 DEBUG:Ukazka loggovani, nacteni klasifikatoru ok
2014-06-02 11:02:35,514 DEBUG:Team: nedvedj2
2014-06-02 11:05:15,005 DEBUG:Total image number: 103
2014-06-02 11:05:15,005 DEBUG:Team: sample M. Jirik
2014-06-02 11:05:15,118 DEBUG:Ukazka loggovani, nacteni klasifikatoru ok
2014-06-02 11:05:16,284 DEBUG:Team: cervenym
2014-06-02 11:05:25,691 DEBUG:Team: nedvedj
2014-06-02 11:05:25,966 DEBUG:Problem with: nedvedj
2014-06-02 11:05:25,966 DEBUG:Traceback (most recent call last):
  File "<ipython-input-3-97eb87bd5554>", line 120, in kontrolaVse
    scoreone, vysledky = kontrola(pointer, obrazky, reseni)
  File "<ipython-input-3-97eb87bd5554>", line 29, in kontrola
    result = studentske_reseni.rozpoznejZnacku(im)
  File "ZDO2014students/Semestralkamaster/ZDO_A13N0141P_JakubNedved_SP.py", line 152, in rozpoznejZnacku
    class_index = self.clf.predict(self.one_file_features(image, demo))
  File "/usr/lib/pymodules/python2.7/sklearn/naive_bayes.py", line 59, in predict
    jll = self._joint_log_likelihood(X)
  File "/usr/lib/pymodules/python2.7/sklearn/naive_bayes.py", line 172, in _joint_log_likelihood
    for i in xrange(np.size(self._classes)):
AttributeError: 'GaussianNB' object has no attribute '_classes'

2014-06-02 11:05:25,967 DEBUG:Team: RakHejdovaJuna
2014-06-02 11:05:26,047 DEBUG:Ukazka loggovani, nacteni klasifikatoru ok
2014-06-02 11:05:26,084 DEBUG:Problem with: RakHejdovaJuna
2014-06-02 11:05:26,084 DEBUG:Traceback (most recent call last):
  File "<ipython-input-3-97eb87bd5554>", line 120, in kontrolaVse
    scoreone, vysledky = kontrola(pointer, obrazky, reseni)
  File "<ipython-input-3-97eb87bd5554>", line 29, in kontrola
    result = studentske_reseni.rozpoznejZnacku(im)
  File "ZDO2014students/Semestralkamaster1/ZDO2014juna_rak_hejdova_hog.py", line 238, in rozpoznejZnacku
    class_index = self.clf.predict(self.one_file_features(image, demo))
  File "/usr/lib/pymodules/python2.7/sklearn/naive_bayes.py", line 59, in predict
    jll = self._joint_log_likelihood(X)
  File "/usr/lib/pymodules/python2.7/sklearn/naive_bayes.py", line 172, in _joint_log_likelihood
    for i in xrange(np.size(self._classes)):
AttributeError: 'GaussianNB' object has no attribute '_classes'

2014-06-02 11:05:26,084 DEBUG:Team: RakHejdovaJuna2
2014-06-02 11:05:26,158 DEBUG:Ukazka loggovani, nacteni klasifikatoru ok
2014-06-02 11:05:31,870 DEBUG:Team: nedvedj2
